yarn run v1.22.22
$ gatsby develop -p 8084
success compile gatsby files - 10.466s

[2K[1A[2K[Gsuccess load gatsby config - 0.123s

[2K[1A[2K[Gsuccess load plugins - 4.428s

[2K[1A[2K[Gwarn gatsby-plugin-react-helmet: Gatsby now has built-in support for modifying
the document head. Learn more at https://gatsby.dev/gatsby-head

[2K[1A[2K[Gsuccess onPreInit - 0.067s

[2K[1A[2K[Gsuccess initialize cache - 0.143s

[2K[1A[2K[Gsuccess copy gatsby files - 0.654s

[2K[1A[2K[Gsuccess Compiling Gatsby Functions - 2.653s

[2K[1A[2K[Gsuccess onPreBootstrap - 2.773s

[2K[1A[2K[Gsuccess createSchemaCustomization - 0.075s

[2K[1A[2K[Gsuccess Clean up stale nodes - 0.015s - 6/0 0.00/s

[2K[1A[2K[Gsuccess Checking for changed pages - 0.001s

[2K[1A[2K[Gsuccess source and transform nodes - 0.398s

[2K[1A[2K[Gsuccess building schema - 1.290s

[2K[1A[2K[Gsuccess createPages - 0.061s

[2K[1A[2K[Gsuccess createPagesStatefully - 0.678s

[2K[1A[2K[Ginfo Total nodes: 47, SitePage nodes: 6 (use --verbose for breakdown)

[2K[1A[2K[Gsuccess Checking for changed pages - 0.001s

[2K[1A[2K[Gsuccess write out redirect data - 0.004s

[2K[1A[2K[Gsuccess Build manifest and related icons - 0.796s

[2K[1A[2K[Gsuccess onPostBootstrap - 0.811s

[2K[1A[2K[Ginfo bootstrap finished - 46.817s

[2K[1A[2K[Gsuccess onPreExtractQueries - 0.001s

[2K[1A[2K[Gsuccess extract queries from components - 9.154s

[2K[1A[2K[Gsuccess write out requires - 0.058s

[2K[1A[2K[G
 ERROR  UNKNOWN

redux-persist failed to create sync storage. falling back to noop storage.


 action persist/PERSIST @ 02:41:21.616

[2K[1A[2K[G prev state { core: { loaders: {} }, auth: { user: null } }

[2K[1A[2K[G action     {
  type: 'persist/PERSIST',
  register: [Function: register],
  rehydrate: [Function: rehydrate]
}

[2K[1A[2K[G next state {
  core: { loaders: {} },
  auth: { user: null },
  _persist: { version: 1, rehydrated: false }
}

[2K[1A[2K[G
 ERROR  UNKNOWN

A non-serializable value was detected in an action, in the path: `register`.
Value: [Function: register]
Take a look at the logic that dispatched this action:  {
  type: 'persist/PERSIST',
  register: [Function: register],
  rehydrate: [Function: rehydrate]
}
(See https://redux.js.org/faq/actions#why-should-type-be-a-string-or-at-least-se
rializable-why-should-my-action-types-be-constants)
(To allow non-serializable values see: https://redux-toolkit.js.org/usage/usage-
guide#working-with-non-serializable-data)


[2K[1A[2K[G action persist/REHYDRATE @ 02:41:21.643

[2K[1A[2K[G prev state {
  core: { loaders: {} },
  auth: { user: null },
  _persist: { version: 1, rehydrated: false }
}

[2K[1A[2K[G action     {
  type: 'persist/REHYDRATE',
  payload: undefined,
  err: undefined,
  key: 'root'
}

[2K[1A[2K[G next state {
  core: { loaders: {} },
  auth: { user: null },
  _persist: { version: 1, rehydrated: true }
}

[2K[1A[2K[G⠀

[2K[1A[2K[GYou can now view project_name in the browser.

[2K[1A[2K[G⠀

[2K[1A[2K[G  http://localhost:8084/

[2K[1A[2K[G⠀

[2K[1A[2K[GView GraphiQL, an in-browser IDE, to explore your site's data and schema

[2K[1A[2K[G⠀

[2K[1A[2K[G  http://localhost:8084/___graphql

[2K[1A[2K[G⠀

[2K[1A[2K[GNote that the development build is not optimized.

[2K[1A[2K[GTo create a production build, use gatsby build

[2K[1A[2K[G⠀

[2K[1A[2K[Gsuccess Building development bundle - 28.745s

[2K[1A[2K[Gsuccess Writing page-data.json and slice-data.json files to public directory -
0.327s - 0/3 9.17/s

